2021-03-13 18:46:23,715 - qtpyvcp - INFO - Logging to /home/cnc-mill/linuxcnc/configs/Femiani_CNC_PM-833TV/PM-833TV.log
2021-03-13 18:46:23,718 - qtpyvcp - INFO - QtPyVCP Version: v0.3.11
2021-03-13 18:46:27,726 - qtpyvcp.utilities.info - INFO - The machine has 3 axes and 3 joints
2021-03-13 18:46:27,739 - qtpyvcp.utilities.info - INFO - The Axis/Joint mapping is:
2021-03-13 18:46:27,741 - qtpyvcp.utilities.info - INFO - Axis X --> Joint 0
2021-03-13 18:46:27,742 - qtpyvcp.utilities.info - INFO - Axis Y --> Joint 1
2021-03-13 18:46:27,743 - qtpyvcp.utilities.info - INFO - Axis Z --> Joint 2
2021-03-13 18:46:28,752 - qtpyvcp - INFO - Loading global stylesheet: /home/cnc-mill/.local/lib/python2.7/site-packages/probe_basic/probe_basic.qss
2021-03-13 18:46:38,764 - qtpyvcp.utilities.info - INFO - No subroutine path specified in INI file
2021-03-13 18:46:39,320 - qtpyvcp.lib.decorators - WARNING - Deprecation Warning: The widget "qtpyvcp.widgets.display_widgets.dro_widget.DROWidget" has been deprecated and will be removed in the future. Reason: new DRO implementation. Replaced by: DroLabel.
2021-03-13 18:46:49,918 - qtpyvcp.app.launcher - INFO - Loading POSTGUI_HALFILE: /home/cnc-mill/linuxcnc/configs/Femiani_CNC_PM-833TV/pendant-postgui.hal
2021-03-13 18:47:25,422 - qtpyvcp.plugins.tool_table - INFO - Reloading tool in spindle: 110
2021-03-13 18:47:25,689 - qtpyvcp.actions.machine_actions - INFO - Issuing MDI command: M61 Q110 G43
2021-03-13 18:47:27,815 - qtpyvcp.actions.machine_actions - INFO - Homing all axes
2021-03-13 18:48:02,349 - qtpyvcp.actions.machine_actions - INFO - Issuing MDI command: o<tool_touch_off> call [40.0] [10.0] [11.5] [0.0] [13.2812] [0.25] [0.0000] [0.0] [0.0] [0.25]
2021-03-13 18:48:26,163 - qtpyvcp.plugins.notifications - INFO - Probed Pos: -10.461555 Z Pos: 
 -10.464667
2021-03-13 18:51:55,279 - qtpyvcp.actions.machine_actions - INFO - Issuing MDI command: o<load_spindle_safety_2> call [113.0] [0.0] [0.0] [0.0] [0.0]
2021-03-13 18:51:59,876 - qtpyvcp.actions.machine_actions - INFO - Issuing MDI command: o<tool_touch_off> call [40.0] [10.0] [11.5] [0.0] [13.2812] [0.25] [0.0000] [0.0] [0.0] [0.25]
2021-03-13 18:52:16,900 - qtpyvcp.plugins.notifications - INFO - Probed Pos: -10.161722 Z Pos: 
 -10.164833
2021-03-13 18:53:44,673 - qtpyvcp.actions.machine_actions - INFO - Issuing MDI command: o<load_spindle_safety_2> call [104.0] [0.0] [0.0] [0.0] [0.0]
2021-03-13 18:53:50,263 - qtpyvcp.actions.machine_actions - INFO - Issuing MDI command: o<tool_touch_off> call [40.0] [10.0] [11.5] [0.0] [13.2812] [0.25] [0.0000] [0.0] [0.0] [0.25]
2021-03-13 18:54:03,657 - qtpyvcp.plugins.notifications - INFO - Probed Pos: -8.408222 Z Pos: 
 -8.411333
2021-03-13 18:54:25,454 - qtpyvcp.actions.machine_actions - INFO - Issuing MDI command: o<tool_touch_off> call [40.0] [10.0] [11.5] [0.0] [13.2812] [0.25] [0.0000] [0.0] [0.0] [0.25]
2021-03-13 18:54:42,243 - qtpyvcp.plugins.notifications - INFO - Probed Pos: -10.254055 Z Pos: 
 -10.257167
2021-03-13 18:55:35,577 - qtpyvcp.actions.machine_actions - INFO - Issuing MDI command: M61 Q0 G49 #5210 = 0
2021-03-13 18:56:42,197 - qtpyvcp.actions.machine_actions - INFO - Issuing MDI command: o<load_spindle_safety_2> call [2.0] [0.0] [0.0] [0.0] [0.0]
2021-03-13 18:56:53,492 - qtpyvcp.actions.machine_actions - INFO - Issuing MDI command: o<tool_touch_off> call [40.0] [10.0] [11.5] [0.0] [13.2812] [0.25] [0.0000] [0.0] [0.0] [0.125]
2021-03-13 18:57:08,814 - qtpyvcp.plugins.notifications - INFO - Probed Pos: -9.240055 Z Pos: 
 -9.243167
2021-03-13 18:58:10,548 - qtpyvcp.actions.machine_actions - INFO - Issuing MDI command: M61 Q0 G49 #5210 = 0
